<?xml version="1.0" encoding="UTF-8"?>
<testsuite name="UserHandlingTest" tests="3" skipped="0" failures="0" errors="0" timestamp="2019-12-29T19:54:27" hostname="manjaro" time="0.035">
  <properties/>
  <testcase name="delete new user()" classname="UserHandlingTest" time="0.025"/>
  <testcase name="insert new user to database()" classname="UserHandlingTest" time="0.004"/>
  <testcase name="check fun how many user exist()" classname="UserHandlingTest" time="0.005"/>
  <system-out><![CDATA[]]></system-out>
  <system-err><![CDATA[]]></system-err>
</testsuite>
