<?xml version="1.0" encoding="UTF-8"?>
<testsuite name="ServerPropsTest" tests="5" skipped="0" failures="0" errors="0" timestamp="2019-12-26T22:12:03" hostname="mateusz-pc" time="0.034">
  <properties/>
  <testcase name="check server properties user is exist()" classname="ServerPropsTest" time="0.026"/>
  <testcase name="check server properties url is exist()" classname="ServerPropsTest" time="0.001"/>
  <testcase name="check server properties exist()" classname="ServerPropsTest" time="0.001"/>
  <testcase name="check server properties port is exist()" classname="ServerPropsTest" time="0.002"/>
  <testcase name="check server properties password is exist()" classname="ServerPropsTest" time="0.002"/>
  <system-out><![CDATA[]]></system-out>
  <system-err><![CDATA[]]></system-err>
</testsuite>
